[debug] [2021-08-04T00:09:02.211Z] ----------------------------------------------------------------------
[debug] [2021-08-04T00:09:02.214Z] Command:       /home/jowc/.nvm/versions/node/v12.16.2/bin/node /home/jowc/.nvm/versions/node/v12.16.2/bin/firebase init
[debug] [2021-08-04T00:09:02.214Z] CLI Version:   9.16.0
[debug] [2021-08-04T00:09:02.214Z] Platform:      linux
[debug] [2021-08-04T00:09:02.214Z] Node Version:  v12.16.2
[debug] [2021-08-04T00:09:02.214Z] Time:          Wed Aug 04 2021 01:09:02 GMT+0100 (West Africa Standard Time)
[debug] [2021-08-04T00:09:02.215Z] ----------------------------------------------------------------------
[debug] 
[debug] [2021-08-04T00:09:02.219Z] > command requires scopes: ["email","openid","https://www.googleapis.com/auth/cloudplatformprojects.readonly","https://www.googleapis.com/auth/firebase","https://www.googleapis.com/auth/cloud-platform"]
[debug] [2021-08-04T00:09:02.220Z] > authorizing via signed-in user (jchikeme@gmail.com)
[info] 
     ######## #### ########  ######## ########     ###     ######  ########
     ##        ##  ##     ## ##       ##     ##  ##   ##  ##       ##
     ######    ##  ########  ######   ########  #########  ######  ######
     ##        ##  ##    ##  ##       ##     ## ##     ##       ## ##
     ##       #### ##     ## ######## ########  ##     ##  ######  ########

You're about to initialize a Firebase project in this directory:

  /home/jowc/Desktop/python/frontend/angular/toh-tut

[info] 
=== Project Setup
[info] 
[info] First, let's associate this project directory with a Firebase project.
[info] You can create multiple project aliases by running firebase use --add, 
[info] but for now we'll just set up a default project.
[info] 
[debug] [2021-08-04T00:09:09.543Z] > refreshing access token with scopes: []
[debug] [2021-08-04T00:09:09.544Z] >>> HTTP REQUEST POST https://www.googleapis.com/oauth2/v3/token  
 <request body omitted>
[debug] [2021-08-04T00:09:19.572Z] Authentication Error: Your credentials are no longer valid. Please run firebase login --reauth

For CI servers and headless environments, generate a new token with firebase login:ci
[debug] [2021-08-04T00:09:29.591Z] FirebaseError: Authentication Error: Your credentials are no longer valid. Please run firebase login --reauth

For CI servers and headless environments, generate a new token with firebase login:ci
    at invalidCredentialError (/home/jowc/.nvm/versions/node/v12.16.2/lib/node_modules/firebase-tools/lib/auth.js:141:12)
    at refreshTokens (/home/jowc/.nvm/versions/node/v12.16.2/lib/node_modules/firebase-tools/lib/auth.js:448:15)
    at processTicksAndRejections (internal/process/task_queues.js:97:5)
[error] 
[error] Error: Failed to list Firebase projects. See firebase-debug.log for more info.
